<?xml version="1.0" encoding="UTF-8"?>
<!-- Generated by org.testng.reporters.JUnitReportReporter -->
<testsuite hostname="SMDO-5GLBSY1-LT" name="com.ucsf.pagerbox.GetUserIds" tests="1" failures="0" timestamp="22 May 2014 00:03:51 GMT" time="12938.878" errors="0">
  <testcase name="hackPage" time="12938.878" classname="com.ucsf.pagerbox.GetUserIds"/>
</testsuite> <!-- com.ucsf.pagerbox.GetUserIds -->
