<?xml version="1.0" encoding="UTF-8"?>
<!-- Generated by org.testng.reporters.JUnitReportReporter -->
<testsuite hostname="SMDO-5GLBSY1-LT" name="com.altimetrik.pname.tests.example.TestExample01" tests="1" failures="0" timestamp="8 May 2014 16:22:34 GMT" time="16.262" errors="0">
  <testcase name="hackPage" time="16.262" classname="com.altimetrik.pname.tests.example.TestExample01"/>
</testsuite> <!-- com.altimetrik.pname.tests.example.TestExample01 -->
