<?xml version="1.0" encoding="UTF-8"?>
<!-- Generated by org.testng.reporters.JUnitReportReporter -->
<testsuite hostname="SMDO-5GLBSY1-LT" name="com.ucsf.pagerbox.GetGroups" tests="1" failures="0" timestamp="16 May 2014 19:21:08 GMT" time="1431.422" errors="0">
  <testcase name="hackPage" time="1431.422" classname="com.ucsf.pagerbox.GetGroups"/>
</testsuite> <!-- com.ucsf.pagerbox.GetGroups -->
