<?xml version="1.0" encoding="UTF-8"?>
<!-- Generated by org.testng.reporters.JUnitReportReporter -->
<testsuite hostname="SMDO-5GLBSY1-LT" name="com.altimetrik.pname.tests.example.TestCase27" tests="1" failures="0" timestamp="5 May 2014 18:37:12 GMT" time="5.019" errors="0">
  <testcase name="testCase27" time="5.019" classname="com.altimetrik.pname.tests.example.TestCase27"/>
</testsuite> <!-- com.altimetrik.pname.tests.example.TestCase27 -->
