<?xml version="1.0" encoding="UTF-8"?>
<!-- Generated by org.testng.reporters.JUnitReportReporter -->
<testsuite hostname="SMDO-5GLBSY1-LT" name="com.ucsf.pagerbox.GetWithCategoryId" tests="1" failures="0" timestamp="13 Jun 2014 18:28:00 GMT" time="299.706" errors="0">
  <testcase name="hackPage" time="299.706" classname="com.ucsf.pagerbox.GetWithCategoryId"/>
</testsuite> <!-- com.ucsf.pagerbox.GetWithCategoryId -->
